#
# A fatal error has been detected by the Java Runtime Environment:
#
#  EXCEPTION_ACCESS_VIOLATION (0xc0000005) at pc=0x00007fff29706580, pid=13020, tid=0x00000000000046d8
#
# JRE version: Java(TM) SE Runtime Environment (8.0_251-b08) (build 1.8.0_251-b08)
# Java VM: Java HotSpot(TM) 64-Bit Server VM (25.251-b08 mixed mode windows-amd64 compressed oops)
# Problematic frame:
# C  [glass.dll+0x26580]
#
# Failed to write core dump. Minidumps are not enabled by default on client versions of Windows
#
# If you would like to submit a bug report, please visit:
#   http://bugreport.java.com/bugreport/crash.jsp
#

---------------  T H R E A D  ---------------

Current thread (0x0000000015978800):  VMThread [stack: 0x0000000017660000,0x0000000017760000] [id=18136]

siginfo: ExceptionCode=0xc0000005, reading address 0x0000000000000000

Registers:
RAX=0x0000000000000000, RBX=0x0000000018708820, RCX=0x0000000015978800, RDX=0x00000000770e7848
RSP=0x000000001775efb0, RBP=0x0000000001155c18, RSI=0x0000000001155bf0, RDI=0x0000dce051f94356
R8 =0x0000000000010002, R9 =0x0000dce051f94356, R10=0x0000000000d80cc0, R11=0x00000000011df150
R12=0x00007fff297039e4, R13=0x0000000002db1658, R14=0x000000001775f0b8, R15=0x0000000001155bf0
RIP=0x00007fff29706580, EFLAGS=0x0000000000010202

Top of Stack: (sp=0x000000001775efb0)
0x000000001775efb0:   0000000000000000 00007fff4ff6c7eb
0x000000001775efc0:   0000000001155c00 0000000000000000
0x000000001775efd0:   fffffffffffffffe 00007fff2971a1b0
0x000000001775efe0:   0000000001155bf8 00007fff4ff73e26
0x000000001775eff0:   0000000001155c00 0000000000000000
0x000000001775f000:   0000000000000000 00007fff4ff70f54
0x000000001775f010:   fffffffffffffffe 0000000000000001
0x000000001775f020:   0000000000000001 00007fff296e0000
0x000000001775f030:   000000001775f0a8 00007fff4ff73d4b
0x000000001775f040:   0000000000000000 000000001775f0b8
0x000000001775f050:   0000000015805400 00007fff5004c130
0x000000001775f060:   0000000000000000 00007fff4ff73d04
0x000000001775f070:   0000000000000000 0000000000000001
0x000000001775f080:   00007fff0000000d 000000001775f0a8
0x000000001775f090:   0000000000000000 00007fff29703872
0x000000001775f0a0:   00007fff2971d128 00007fff00000002 

Instructions: (pc=0x00007fff29706580)
0x00007fff29706560:   40 53 48 83 ec 30 48 c7 44 24 20 fe ff ff ff 48
0x00007fff29706570:   8b 1d aa 65 01 00 48 85 db 74 16 e8 f0 85 ff ff
0x00007fff29706580:   4c 8b 00 48 8b d3 48 8b c8 41 ff 90 b0 00 00 00
0x00007fff29706590:   90 48 83 c4 30 5b c3 cc cc cc cc cc cc cc cc cc 


Register to memory mapping:

RAX=0x0000000000000000 is an unknown value
RBX=0x0000000018708820 is a global jni handle
RCX=0x0000000015978800 is an unknown value
RDX=0x00000000770e7848 is an unknown value
RSP=0x000000001775efb0 is an unknown value
RBP=0x0000000001155c18 is an unknown value
RSI=0x0000000001155bf0 is an unknown value
RDI=0x0000dce051f94356 is an unknown value
R8 =0x0000000000010002 is an unknown value
R9 =0x0000dce051f94356 is an unknown value
R10=0x0000000000d80cc0 is an unknown value
R11=0x00000000011df150 is an unknown value
R12=0x00007fff297039e4 is an unknown value
R13=0x0000000002db1658 is an unknown value
R14=0x000000001775f0b8 is an unknown value
R15=0x0000000001155bf0 is an unknown value


Stack: [0x0000000017660000,0x0000000017760000],  sp=0x000000001775efb0,  free space=1019k
Native frames: (J=compiled Java code, j=interpreted, Vv=VM code, C=native code)
C  [glass.dll+0x26580]
C  [ucrtbase.dll+0x13e26]
C  [ucrtbase.dll+0x13d4b]
C  [ucrtbase.dll+0x13d04]
C  [glass.dll+0x23872]
C  [glass.dll+0x23998]
C  [ntdll.dll+0x48f17]
C  [ntdll.dll+0x435cc]
C  [ntdll.dll+0x66dcd]
C  [KERNEL32.DLL+0x1d62a]
C  [msvcr100.dll+0x20ccd]
V  [jvm.dll+0x2141e5]
V  [jvm.dll+0x24d757]
V  [jvm.dll+0x24c9f6]
V  [jvm.dll+0x24ce91]
V  [jvm.dll+0x24d0ae]
V  [jvm.dll+0x2a001a]
C  [msvcr100.dll+0x21d9f]
C  [msvcr100.dll+0x21e3b]
C  [KERNEL32.DLL+0x17974]
C  [ntdll.dll+0x6a271]

VM_Operation (0x0000000019515390): Exit, mode: safepoint, requested by thread 0x000000001872a800


---------------  P R O C E S S  ---------------

Java Threads: ( => current thread )
  0x0000000020849800 JavaThread "Prism Font Disposer" daemon [_thread_blocked, id=1348, stack(0x00000000237a0000,0x00000000238a0000)]
  0x000000001879e800 JavaThread "Thread-3" daemon [_thread_in_native, id=23280, stack(0x0000000020020000,0x0000000020120000)]
  0x00000000187b0000 JavaThread "JavaFX-Launcher" [_thread_blocked, id=25840, stack(0x0000000020120000,0x0000000020220000)]
  0x000000001872a800 JavaThread "JavaFX Application Thread" [_thread_blocked, id=24800, stack(0x0000000019420000,0x0000000019520000)]
  0x000000001871a800 JavaThread "Thread-1" daemon [_thread_blocked, id=13272, stack(0x0000000019320000,0x0000000019420000)]
  0x0000000018700800 JavaThread "QuantumRenderer-0" daemon [_thread_blocked, id=15300, stack(0x00000000190a0000,0x00000000191a0000)]
  0x000000001792d800 JavaThread "Service Thread" daemon [_thread_blocked, id=20628, stack(0x0000000018480000,0x0000000018580000)]
  0x000000001789b800 JavaThread "C1 CompilerThread3" daemon [_thread_blocked, id=13808, stack(0x0000000018380000,0x0000000018480000)]
  0x0000000017895000 JavaThread "C2 CompilerThread2" daemon [_thread_blocked, id=25532, stack(0x0000000018280000,0x0000000018380000)]
  0x0000000017892000 JavaThread "C2 CompilerThread1" daemon [_thread_blocked, id=15484, stack(0x0000000018180000,0x0000000018280000)]
  0x000000001788b800 JavaThread "C2 CompilerThread0" daemon [_thread_blocked, id=25700, stack(0x0000000018080000,0x0000000018180000)]
  0x0000000017889000 JavaThread "Attach Listener" daemon [_thread_blocked, id=23448, stack(0x0000000017f80000,0x0000000018080000)]
  0x0000000017888000 JavaThread "Signal Dispatcher" daemon [_thread_blocked, id=14868, stack(0x0000000017e80000,0x0000000017f80000)]
  0x0000000017880800 JavaThread "Finalizer" daemon [_thread_blocked, id=10400, stack(0x0000000017c60000,0x0000000017d60000)]
  0x0000000002fb9000 JavaThread "Reference Handler" daemon [_thread_blocked, id=21492, stack(0x0000000017760000,0x0000000017860000)]
  0x0000000002ec3800 JavaThread "main" [_thread_blocked, id=8452, stack(0x0000000002dc0000,0x0000000002ec0000)]

Other Threads:
=>0x0000000015978800 VMThread [stack: 0x0000000017660000,0x0000000017760000] [id=18136]

VM state:at safepoint (shutting down)

VM Mutex/Monitor currently owned by a thread:  ([mutex/lock_event])
[0x0000000002ec0bd0] Threads_lock - owner thread: 0x0000000015978800

heap address: 0x00000000c2400000, size: 988 MB, Compressed Oops mode: 32-bit
Narrow klass base: 0x0000000000000000, Narrow klass shift: 3
Compressed class space size: 1073741824 Address: 0x0000000100000000

Heap:
 PSYoungGen      total 297984K, used 192846K [0x00000000eb700000, 0x00000000ffb80000, 0x0000000100000000)
  eden space 297472K, 64% used [0x00000000eb700000,0x00000000f733b9a0,0x00000000fd980000)
  from space 512K, 18% used [0x00000000ff400000,0x00000000ff418000,0x00000000ff480000)
  to   space 4096K, 0% used [0x00000000ff780000,0x00000000ff780000,0x00000000ffb80000)
 ParOldGen       total 42496K, used 10035K [0x00000000c2400000, 0x00000000c4d80000, 0x00000000eb700000)
  object space 42496K, 23% used [0x00000000c2400000,0x00000000c2dccc60,0x00000000c4d80000)
 Metaspace       used 18947K, capacity 20029K, committed 20096K, reserved 1067008K
  class space    used 2710K, capacity 2941K, committed 2944K, reserved 1048576K

Card table byte_map: [0x0000000012380000,0x0000000012570000] byte_map_base: 0x0000000011d6e000

Marking Bits: (ParMarkBitMap*) 0x00000000772daf90
 Begin Bits: [0x0000000012ec0000, 0x0000000013e30000)
 End Bits:   [0x0000000013e30000, 0x0000000014da0000)

Polling page: 0x0000000001530000

CodeCache: size=245760Kb used=8798Kb max_used=8798Kb free=236961Kb
 bounds [0x0000000002fc0000, 0x0000000003860000, 0x0000000011fc0000]
 total_blobs=3235 nmethods=2566 adapters=581
 compilation: enabled

Compilation events (10 events):
Event: 23.049 Thread 0x000000001789b800 nmethod 2574 0x00000000038383d0 code [0x0000000003838520, 0x00000000038386d0]
Event: 23.123 Thread 0x000000001789b800 2575       3       com.sun.javafx.event.CompositeEventHandler$NormalEventHandlerRecord::handleCapturingEvent (1 bytes)
Event: 23.124 Thread 0x000000001789b800 nmethod 2575 0x000000000312f7d0 code [0x000000000312f920, 0x000000000312fa70]
Event: 23.144 Thread 0x000000001789b800 2577   !   3       com.sun.javafx.application.PlatformImpl::isSupported (45 bytes)
Event: 23.145 Thread 0x000000001789b800 nmethod 2577 0x0000000003837a10 code [0x0000000003837bc0, 0x0000000003838118]
Event: 23.145 Thread 0x000000001789b800 2576       3       javafx.application.Platform::isSupported (5 bytes)
Event: 23.146 Thread 0x000000001789b800 nmethod 2576 0x0000000003837650 code [0x00000000038377c0, 0x0000000003837928]
Event: 23.166 Thread 0x000000001789b800 2578       3       com.sun.javafx.PlatformUtil::isMac (4 bytes)
Event: 23.166 Thread 0x000000001789b800 nmethod 2578 0x000000000382dcd0 code [0x000000000382de20, 0x000000000382df50]
Event: 23.400 Thread 0x000000001789b800 2579       3       java.util.LinkedList$ListItr::next (56 bytes)

GC Heap History (10 events):
Event: 3.152 GC heap before
{Heap before GC invocations=15 (full 0):
 PSYoungGen      total 331776K, used 327776K [0x00000000eb700000, 0x00000000fff80000, 0x0000000100000000)
  eden space 327680K, 100% used [0x00000000eb700000,0x00000000ff700000,0x00000000ff700000)
  from space 4096K, 2% used [0x00000000ffb00000,0x00000000ffb18000,0x00000000fff00000)
  to   space 4096K, 0% used [0x00000000ff700000,0x00000000ff700000,0x00000000ffb00000)
 ParOldGen       total 42496K, used 6405K [0x00000000c2400000, 0x00000000c4d80000, 0x00000000eb700000)
  object space 42496K, 15% used [0x00000000c2400000,0x00000000c2a41508,0x00000000c4d80000)
 Metaspace       used 15410K, capacity 16097K, committed 16256K, reserved 1062912K
  class space    used 2142K, capacity 2341K, committed 2432K, reserved 1048576K
Event: 3.154 GC heap after
Heap after GC invocations=15 (full 0):
 PSYoungGen      total 331776K, used 2504K [0x00000000eb700000, 0x0000000100000000, 0x0000000100000000)
  eden space 327680K, 0% used [0x00000000eb700000,0x00000000eb700000,0x00000000ff700000)
  from space 4096K, 61% used [0x00000000ff700000,0x00000000ff972160,0x00000000ffb00000)
  to   space 4608K, 0% used [0x00000000ffb80000,0x00000000ffb80000,0x0000000100000000)
 ParOldGen       total 42496K, used 6413K [0x00000000c2400000, 0x00000000c4d80000, 0x00000000eb700000)
  object space 42496K, 15% used [0x00000000c2400000,0x00000000c2a43508,0x00000000c4d80000)
 Metaspace       used 15410K, capacity 16097K, committed 16256K, reserved 1062912K
  class space    used 2142K, capacity 2341K, committed 2432K, reserved 1048576K
}
Event: 3.341 GC heap before
{Heap before GC invocations=16 (full 0):
 PSYoungGen      total 331776K, used 330184K [0x00000000eb700000, 0x0000000100000000, 0x0000000100000000)
  eden space 327680K, 100% used [0x00000000eb700000,0x00000000ff700000,0x00000000ff700000)
  from space 4096K, 61% used [0x00000000ff700000,0x00000000ff972160,0x00000000ffb00000)
  to   space 4608K, 0% used [0x00000000ffb80000,0x00000000ffb80000,0x0000000100000000)
 ParOldGen       total 42496K, used 6413K [0x00000000c2400000, 0x00000000c4d80000, 0x00000000eb700000)
  object space 42496K, 15% used [0x00000000c2400000,0x00000000c2a43508,0x00000000c4d80000)
 Metaspace       used 15410K, capacity 16097K, committed 16256K, reserved 1062912K
  class space    used 2142K, capacity 2341K, committed 2432K, reserved 1048576K
Event: 3.342 GC heap after
Heap after GC invocations=16 (full 0):
 PSYoungGen      total 332288K, used 256K [0x00000000eb700000, 0x0000000100000000, 0x0000000100000000)
  eden space 327680K, 0% used [0x00000000eb700000,0x00000000eb700000,0x00000000ff700000)
  from space 4608K, 5% used [0x00000000ffb80000,0x00000000ffbc0000,0x0000000100000000)
  to   space 4608K, 0% used [0x00000000ff700000,0x00000000ff700000,0x00000000ffb80000)
 ParOldGen       total 42496K, used 8515K [0x00000000c2400000, 0x00000000c4d80000, 0x00000000eb700000)
  object space 42496K, 20% used [0x00000000c2400000,0x00000000c2c50cb0,0x00000000c4d80000)
 Metaspace       used 15410K, capacity 16097K, committed 16256K, reserved 1062912K
  class space    used 2142K, capacity 2341K, committed 2432K, reserved 1048576K
}
Event: 3.505 GC heap before
{Heap before GC invocations=17 (full 0):
 PSYoungGen      total 332288K, used 327936K [0x00000000eb700000, 0x0000000100000000, 0x0000000100000000)
  eden space 327680K, 100% used [0x00000000eb700000,0x00000000ff700000,0x00000000ff700000)
  from space 4608K, 5% used [0x00000000ffb80000,0x00000000ffbc0000,0x0000000100000000)
  to   space 4608K, 0% used [0x00000000ff700000,0x00000000ff700000,0x00000000ffb80000)
 ParOldGen       total 42496K, used 8515K [0x00000000c2400000, 0x00000000c4d80000, 0x00000000eb700000)
  object space 42496K, 20% used [0x00000000c2400000,0x00000000c2c50cb0,0x00000000c4d80000)
 Metaspace       used 15410K, capacity 16097K, committed 16256K, reserved 1062912K
  class space    used 2142K, capacity 2341K, committed 2432K, reserved 1048576K
Event: 3.507 GC heap after
Heap after GC invocations=17 (full 0):
 PSYoungGen      total 328704K, used 768K [0x00000000eb700000, 0x00000000fff00000, 0x0000000100000000)
  eden space 327680K, 0% used [0x00000000eb700000,0x00000000eb700000,0x00000000ff700000)
  from space 1024K, 75% used [0x00000000ff700000,0x00000000ff7c0000,0x00000000ff800000)
  to   space 4096K, 0% used [0x00000000ffb00000,0x00000000ffb00000,0x00000000fff00000)
 ParOldGen       total 42496K, used 8643K [0x00000000c2400000, 0x00000000c4d80000, 0x00000000eb700000)
  object space 42496K, 20% used [0x00000000c2400000,0x00000000c2c70cb0,0x00000000c4d80000)
 Metaspace       used 15410K, capacity 16097K, committed 16256K, reserved 1062912K
  class space    used 2142K, capacity 2341K, committed 2432K, reserved 1048576K
}
Event: 3.712 GC heap before
{Heap before GC invocations=18 (full 0):
 PSYoungGen      total 328704K, used 328448K [0x00000000eb700000, 0x00000000fff00000, 0x0000000100000000)
  eden space 327680K, 100% used [0x00000000eb700000,0x00000000ff700000,0x00000000ff700000)
  from space 1024K, 75% used [0x00000000ff700000,0x00000000ff7c0000,0x00000000ff800000)
  to   space 4096K, 0% used [0x00000000ffb00000,0x00000000ffb00000,0x00000000fff00000)
 ParOldGen       total 42496K, used 8643K [0x00000000c2400000, 0x00000000c4d80000, 0x00000000eb700000)
  object space 42496K, 20% used [0x00000000c2400000,0x00000000c2c70cb0,0x00000000c4d80000)
 Metaspace       used 15410K, capacity 16097K, committed 16256K, reserved 1062912K
  class space    used 2142K, capacity 2341K, committed 2432K, reserved 1048576K
Event: 3.713 GC heap after
Heap after GC invocations=18 (full 0):
 PSYoungGen      total 313344K, used 804K [0x00000000eb700000, 0x00000000ffc00000, 0x0000000100000000)
  eden space 312320K, 0% used [0x00000000eb700000,0x00000000eb700000,0x00000000fe800000)
  from space 1024K, 78% used [0x00000000ffb00000,0x00000000ffbc9278,0x00000000ffc00000)
  to   space 4096K, 0% used [0x00000000ff400000,0x00000000ff400000,0x00000000ff800000)
 ParOldGen       total 42496K, used 9270K [0x00000000c2400000, 0x00000000c4d80000, 0x00000000eb700000)
  object space 42496K, 21% used [0x00000000c2400000,0x00000000c2d0d9c8,0x00000000c4d80000)
 Metaspace       used 15410K, capacity 16097K, committed 16256K, reserved 1062912K
  class space    used 2142K, capacity 2341K, committed 2432K, reserved 1048576K
}
Event: 3.989 GC heap before
{Heap before GC invocations=19 (full 0):
 PSYoungGen      total 313344K, used 313124K [0x00000000eb700000, 0x00000000ffc00000, 0x0000000100000000)
  eden space 312320K, 100% used [0x00000000eb700000,0x00000000fe800000,0x00000000fe800000)
  from space 1024K, 78% used [0x00000000ffb00000,0x00000000ffbc9278,0x00000000ffc00000)
  to   space 4096K, 0% used [0x00000000ff400000,0x00000000ff400000,0x00000000ff800000)
 ParOldGen       total 42496K, used 9270K [0x00000000c2400000, 0x00000000c4d80000, 0x00000000eb700000)
  object space 42496K, 21% used [0x00000000c2400000,0x00000000c2d0d9c8,0x00000000c4d80000)
 Metaspace       used 15410K, capacity 16097K, committed 16256K, reserved 1062912K
  class space    used 2142K, capacity 2341K, committed 2432K, reserved 1048576K
Event: 3.990 GC heap after
Heap after GC invocations=19 (full 0):
 PSYoungGen      total 297984K, used 96K [0x00000000eb700000, 0x00000000ffb80000, 0x0000000100000000)
  eden space 297472K, 0% used [0x00000000eb700000,0x00000000eb700000,0x00000000fd980000)
  from space 512K, 18% used [0x00000000ff400000,0x00000000ff418000,0x00000000ff480000)
  to   space 4096K, 0% used [0x00000000ff780000,0x00000000ff780000,0x00000000ffb80000)
 ParOldGen       total 42496K, used 10035K [0x00000000c2400000, 0x00000000c4d80000, 0x00000000eb700000)
  object space 42496K, 23% used [0x00000000c2400000,0x00000000c2dccc60,0x00000000c4d80000)
 Metaspace       used 15410K, capacity 16097K, committed 16256K, reserved 1062912K
  class space    used 2142K, capacity 2341K, committed 2432K, reserved 1048576K
}

Deoptimization events (10 events):
Event: 12.223 Thread 0x000000001872a800 Uncommon trap: reason=unstable_if action=reinterpret pc=0x0000000003640c90 method=com.sun.javafx.css.SimpleSelector.applies(Ljavafx/css/Styleable;)Z @ 7
Event: 12.229 Thread 0x000000001872a800 Uncommon trap: reason=unstable_if action=reinterpret pc=0x0000000003626f30 method=com.sun.javafx.css.BitSet.addAll(Ljava/util/Collection;)Z @ 1
Event: 12.235 Thread 0x000000001872a800 Uncommon trap: reason=unstable_if action=reinterpret pc=0x000000000365c9a8 method=com.sun.javafx.css.CompoundSelector.applies(Ljavafx/css/Styleable;I[Ljava/util/Set;I)Z @ 125
Event: 12.236 Thread 0x000000001872a800 Uncommon trap: reason=unstable_if action=reinterpret pc=0x0000000003629ea0 method=javafx.scene.CssStyleHelper.getStyle(Ljavafx/css/Styleable;Ljava/lang/String;Lcom/sun/javafx/css/StyleMap;Ljava/util/Set;)Lcom/sun/javafx/css/CascadingStyle; @ 1
Event: 12.256 Thread 0x000000001872a800 Uncommon trap: reason=bimorphic action=maybe_recompile pc=0x000000000350c954 method=java.util.AbstractCollection.toArray([Ljava/lang/Object;)[Ljava/lang/Object; @ 1
Event: 12.258 Thread 0x000000001872a800 Uncommon trap: reason=unstable_if action=reinterpret pc=0x000000000359c6ec method=java.lang.ClassLoader.checkName(Ljava/lang/String;)Z @ 20
Event: 13.088 Thread 0x000000001872a800 Uncommon trap: reason=bimorphic action=maybe_recompile pc=0x000000000350c954 method=java.util.AbstractCollection.toArray([Ljava/lang/Object;)[Ljava/lang/Object; @ 1
Event: 13.715 Thread 0x000000001872a800 Uncommon trap: reason=class_check action=maybe_recompile pc=0x00000000033c9960 method=java.lang.AbstractStringBuilder.insert(ILjava/lang/String;)Ljava/lang/AbstractStringBuilder; @ 6
Event: 13.972 Thread 0x000000001872a800 Uncommon trap: reason=class_check action=maybe_recompile pc=0x00000000033c9960 method=java.lang.AbstractStringBuilder.insert(ILjava/lang/String;)Ljava/lang/AbstractStringBuilder; @ 6
Event: 14.181 Thread 0x000000001872a800 Uncommon trap: reason=class_check action=maybe_recompile pc=0x00000000033c9960 method=java.lang.AbstractStringBuilder.insert(ILjava/lang/String;)Ljava/lang/AbstractStringBuilder; @ 6

Classes redefined (0 events):
No events

Internal exceptions (10 events):
Event: 0.631 Thread 0x000000001872a800 Exception <a 'java/lang/ArrayIndexOutOfBoundsException'> (0x00000000eb99e130) thrown at [C:\jenkins\workspace\8-2-build-windows-amd64-cygwin\jdk8u251\737\hotspot\src\share\vm\runtime\sharedRuntime.cpp, line 605]
Event: 0.633 Thread 0x000000001872a800 Exception <a 'java/lang/ArrayIndexOutOfBoundsException'> (0x00000000eb9a9720) thrown at [C:\jenkins\workspace\8-2-build-windows-amd64-cygwin\jdk8u251\737\hotspot\src\share\vm\runtime\sharedRuntime.cpp, line 605]
Event: 0.644 Thread 0x000000001872a800 Exception <a 'java/lang/ArrayIndexOutOfBoundsException'> (0x00000000eba38d78) thrown at [C:\jenkins\workspace\8-2-build-windows-amd64-cygwin\jdk8u251\737\hotspot\src\share\vm\runtime\sharedRuntime.cpp, line 605]
Event: 2.343 Thread 0x000000001872a800 Implicit null exception at 0x000000000341a775 to 0x000000000341a985
Event: 12.217 Thread 0x000000001872a800 Exception <a 'java/lang/ArrayIndexOutOfBoundsException'> (0x00000000f5d9d710) thrown at [C:\jenkins\workspace\8-2-build-windows-amd64-cygwin\jdk8u251\737\hotspot\src\share\vm\runtime\sharedRuntime.cpp, line 605]
Event: 12.217 Thread 0x000000001872a800 Exception <a 'java/lang/ArrayIndexOutOfBoundsException'> (0x00000000f5d9e8f8) thrown at [C:\jenkins\workspace\8-2-build-windows-amd64-cygwin\jdk8u251\737\hotspot\src\share\vm\runtime\sharedRuntime.cpp, line 605]
Event: 12.221 Thread 0x000000001872a800 Exception <a 'java/lang/ArrayIndexOutOfBoundsException'> (0x00000000f5da0350) thrown at [C:\jenkins\workspace\8-2-build-windows-amd64-cygwin\jdk8u251\737\hotspot\src\share\vm\runtime\sharedRuntime.cpp, line 605]
Event: 12.229 Thread 0x000000001872a800 Implicit null exception at 0x00000000036269ef to 0x0000000003626f1d
Event: 12.236 Thread 0x000000001872a800 Implicit null exception at 0x000000000362969a to 0x0000000003629e89
Event: 23.400 Thread 0x0000000017b7d000 Exception <a 'java/lang/IllegalStateException'> (0x00000000f6d727b8) thrown at [C:\jenkins\workspace\8-2-build-windows-amd64-cygwin\jdk8u251\737\hotspot\src\share\vm\prims\jvm.cpp, line 1506]

Events (10 events):
Event: 23.394 loading class java/util/IdentityHashMap$KeyIterator done
Event: 23.394 Thread 0x0000000017b7d000 Thread added: 0x0000000017b7d000
Event: 23.397 loading class com/sun/javafx/tk/quantum/QuantumRenderer
Event: 23.397 loading class com/sun/javafx/tk/quantum/QuantumRenderer done
Event: 23.397 Executing VM operation: RevokeBias
Event: 23.398 Executing VM operation: RevokeBias done
Event: 23.399 loading class com/sun/javafx/tk/quantum/QuantumToolkit
Event: 23.399 loading class com/sun/javafx/tk/quantum/QuantumToolkit done
Event: 23.400 Thread 0x0000000017b7d000 Thread exited: 0x0000000017b7d000
Event: 23.400 Executing VM operation: Exit


Dynamic libraries:
0x00007ff7f1570000 - 0x00007ff7f15a7000 	C:\Program Files\Java\jre1.8.0_251\bin\javaw.exe
0x00007fff53080000 - 0x00007fff5326d000 	C:\Windows\SYSTEM32\ntdll.dll
0x00007fff50d70000 - 0x00007fff50e23000 	C:\Windows\System32\KERNEL32.DLL
0x00007fff4f400000 - 0x00007fff4f695000 	C:\Windows\System32\KERNELBASE.dll
0x00007fff524f0000 - 0x00007fff52593000 	C:\Windows\System32\ADVAPI32.dll
0x00007fff50e40000 - 0x00007fff50ede000 	C:\Windows\System32\msvcrt.dll
0x00007fff52ee0000 - 0x00007fff52f7e000 	C:\Windows\System32\sechost.dll
0x00007fff526d0000 - 0x00007fff527f2000 	C:\Windows\System32\RPCRT4.dll
0x00007fff52800000 - 0x00007fff52997000 	C:\Windows\System32\USER32.dll
0x00007fff4f7a0000 - 0x00007fff4f7c0000 	C:\Windows\System32\win32u.dll
0x00007fff50670000 - 0x00007fff50699000 	C:\Windows\System32\GDI32.dll
0x00007fff4f140000 - 0x00007fff4f2da000 	C:\Windows\System32\gdi32full.dll
0x00007fff4f360000 - 0x00007fff4f400000 	C:\Windows\System32\msvcp_win.dll
0x00007fff4ff60000 - 0x00007fff5005a000 	C:\Windows\System32\ucrtbase.dll
0x00007fff37100000 - 0x00007fff37379000 	C:\Windows\WinSxS\amd64_microsoft.windows.common-controls_6595b64144ccf1df_6.0.17763.1282_none_de75b6f253473c0f\COMCTL32.dll
0x00007fff529a0000 - 0x00007fff52ccc000 	C:\Windows\System32\combase.dll
0x00007fff4f2e0000 - 0x00007fff4f35e000 	C:\Windows\System32\bcryptPrimitives.dll
0x00007fff523f0000 - 0x00007fff5241e000 	C:\Windows\System32\IMM32.DLL
0x0000000077360000 - 0x0000000077432000 	C:\Program Files\Java\jre1.8.0_251\bin\msvcr100.dll
0x0000000076ab0000 - 0x000000007735b000 	C:\Program Files\Java\jre1.8.0_251\bin\server\jvm.dll
0x00007fff50e30000 - 0x00007fff50e38000 	C:\Windows\System32\PSAPI.DLL
0x00007fff3e4d0000 - 0x00007fff3e4d9000 	C:\Windows\SYSTEM32\WSOCK32.dll
0x00007fff4a970000 - 0x00007fff4a97a000 	C:\Windows\SYSTEM32\VERSION.dll
0x00007fff41ee0000 - 0x00007fff41f04000 	C:\Windows\SYSTEM32\WINMM.dll
0x00007fff52f80000 - 0x00007fff52fed000 	C:\Windows\System32\WS2_32.dll
0x00007fff41e90000 - 0x00007fff41ebd000 	C:\Windows\SYSTEM32\winmmbase.dll
0x00007fff4ff10000 - 0x00007fff4ff5a000 	C:\Windows\System32\cfgmgr32.dll
0x00007fff45f20000 - 0x00007fff45f2f000 	C:\Program Files\Java\jre1.8.0_251\bin\verify.dll
0x00007fff29ab0000 - 0x00007fff29ad9000 	C:\Program Files\Java\jre1.8.0_251\bin\java.dll
0x00007fff2c490000 - 0x00007fff2c4a6000 	C:\Program Files\Java\jre1.8.0_251\bin\zip.dll
0x00007fff50ef0000 - 0x00007fff523e8000 	C:\Windows\System32\SHELL32.dll
0x00007fff52e30000 - 0x00007fff52ed8000 	C:\Windows\System32\shcore.dll
0x00007fff4f7c0000 - 0x00007fff4ff0f000 	C:\Windows\System32\windows.storage.dll
0x00007fff4f090000 - 0x00007fff4f0b4000 	C:\Windows\System32\profapi.dll
0x00007fff4f0c0000 - 0x00007fff4f11d000 	C:\Windows\System32\powrprof.dll
0x00007fff52ff0000 - 0x00007fff53042000 	C:\Windows\System32\shlwapi.dll
0x00007fff4f070000 - 0x00007fff4f081000 	C:\Windows\System32\kernel.appcore.dll
0x00007fff4f780000 - 0x00007fff4f797000 	C:\Windows\System32\cryptsp.dll
0x0000000002d50000 - 0x0000000002d53000 	C:\Program Files\Java\jre1.8.0_251\bin\api-ms-win-core-console-l1-1-0.dll
0x0000000002d60000 - 0x0000000002d63000 	C:\Program Files\Java\jre1.8.0_251\bin\api-ms-win-core-datetime-l1-1-0.dll
0x0000000002d70000 - 0x0000000002d73000 	C:\Program Files\Java\jre1.8.0_251\bin\api-ms-win-core-debug-l1-1-0.dll
0x0000000002d80000 - 0x0000000002d83000 	C:\Program Files\Java\jre1.8.0_251\bin\api-ms-win-core-errorhandling-l1-1-0.dll
0x0000000002d90000 - 0x0000000002d94000 	C:\Program Files\Java\jre1.8.0_251\bin\api-ms-win-core-file-l1-1-0.dll
0x0000000002da0000 - 0x0000000002da3000 	C:\Program Files\Java\jre1.8.0_251\bin\api-ms-win-core-file-l1-2-0.dll
0x0000000018e80000 - 0x0000000018e83000 	C:\Program Files\Java\jre1.8.0_251\bin\api-ms-win-core-file-l2-1-0.dll
0x0000000018e90000 - 0x0000000018e93000 	C:\Program Files\Java\jre1.8.0_251\bin\api-ms-win-core-handle-l1-1-0.dll
0x0000000018ea0000 - 0x0000000018ea3000 	C:\Program Files\Java\jre1.8.0_251\bin\api-ms-win-core-heap-l1-1-0.dll
0x0000000018eb0000 - 0x0000000018eb3000 	C:\Program Files\Java\jre1.8.0_251\bin\api-ms-win-core-interlocked-l1-1-0.dll
0x0000000018ec0000 - 0x0000000018ec3000 	C:\Program Files\Java\jre1.8.0_251\bin\api-ms-win-core-libraryloader-l1-1-0.dll
0x0000000018ed0000 - 0x0000000018ed3000 	C:\Program Files\Java\jre1.8.0_251\bin\api-ms-win-core-localization-l1-2-0.dll
0x0000000018ee0000 - 0x0000000018ee3000 	C:\Program Files\Java\jre1.8.0_251\bin\api-ms-win-core-memory-l1-1-0.dll
0x0000000018ef0000 - 0x0000000018ef3000 	C:\Program Files\Java\jre1.8.0_251\bin\api-ms-win-core-namedpipe-l1-1-0.dll
0x0000000018f00000 - 0x0000000018f03000 	C:\Program Files\Java\jre1.8.0_251\bin\api-ms-win-core-processenvironment-l1-1-0.dll
0x0000000018f10000 - 0x0000000018f13000 	C:\Program Files\Java\jre1.8.0_251\bin\api-ms-win-core-processthreads-l1-1-0.dll
0x0000000018f20000 - 0x0000000018f23000 	C:\Program Files\Java\jre1.8.0_251\bin\api-ms-win-core-processthreads-l1-1-1.dll
0x0000000018f30000 - 0x0000000018f33000 	C:\Program Files\Java\jre1.8.0_251\bin\api-ms-win-core-profile-l1-1-0.dll
0x0000000018f40000 - 0x0000000018f43000 	C:\Program Files\Java\jre1.8.0_251\bin\api-ms-win-core-rtlsupport-l1-1-0.dll
0x0000000018f50000 - 0x0000000018f53000 	C:\Program Files\Java\jre1.8.0_251\bin\api-ms-win-core-string-l1-1-0.dll
0x0000000018f60000 - 0x0000000018f63000 	C:\Program Files\Java\jre1.8.0_251\bin\api-ms-win-core-synch-l1-1-0.dll
0x0000000018f70000 - 0x0000000018f73000 	C:\Program Files\Java\jre1.8.0_251\bin\api-ms-win-core-synch-l1-2-0.dll
0x0000000018f80000 - 0x0000000018f83000 	C:\Program Files\Java\jre1.8.0_251\bin\api-ms-win-core-sysinfo-l1-1-0.dll
0x0000000018f90000 - 0x0000000018f93000 	C:\Program Files\Java\jre1.8.0_251\bin\api-ms-win-core-timezone-l1-1-0.dll
0x0000000018fa0000 - 0x0000000018fa3000 	C:\Program Files\Java\jre1.8.0_251\bin\api-ms-win-core-util-l1-1-0.dll
0x0000000018fb0000 - 0x0000000018fb3000 	C:\Program Files\Java\jre1.8.0_251\bin\api-ms-win-crt-conio-l1-1-0.dll
0x0000000018fc0000 - 0x0000000018fc4000 	C:\Program Files\Java\jre1.8.0_251\bin\api-ms-win-crt-convert-l1-1-0.dll
0x0000000018fd0000 - 0x0000000018fd3000 	C:\Program Files\Java\jre1.8.0_251\bin\api-ms-win-crt-environment-l1-1-0.dll
0x0000000018fe0000 - 0x0000000018fe3000 	C:\Program Files\Java\jre1.8.0_251\bin\api-ms-win-crt-filesystem-l1-1-0.dll
0x0000000018ff0000 - 0x0000000018ff3000 	C:\Program Files\Java\jre1.8.0_251\bin\api-ms-win-crt-heap-l1-1-0.dll
0x0000000019000000 - 0x0000000019003000 	C:\Program Files\Java\jre1.8.0_251\bin\api-ms-win-crt-locale-l1-1-0.dll
0x0000000019010000 - 0x0000000019015000 	C:\Program Files\Java\jre1.8.0_251\bin\api-ms-win-crt-math-l1-1-0.dll
0x0000000019020000 - 0x0000000019025000 	C:\Program Files\Java\jre1.8.0_251\bin\api-ms-win-crt-multibyte-l1-1-0.dll
0x0000000019030000 - 0x0000000019040000 	C:\Program Files\Java\jre1.8.0_251\bin\api-ms-win-crt-private-l1-1-0.dll
0x0000000019040000 - 0x0000000019043000 	C:\Program Files\Java\jre1.8.0_251\bin\api-ms-win-crt-process-l1-1-0.dll
0x0000000019050000 - 0x0000000019054000 	C:\Program Files\Java\jre1.8.0_251\bin\api-ms-win-crt-runtime-l1-1-0.dll
0x0000000019060000 - 0x0000000019064000 	C:\Program Files\Java\jre1.8.0_251\bin\api-ms-win-crt-stdio-l1-1-0.dll
0x0000000019070000 - 0x0000000019074000 	C:\Program Files\Java\jre1.8.0_251\bin\api-ms-win-crt-string-l1-1-0.dll
0x0000000019080000 - 0x0000000019083000 	C:\Program Files\Java\jre1.8.0_251\bin\api-ms-win-crt-time-l1-1-0.dll
0x0000000019090000 - 0x0000000019093000 	C:\Program Files\Java\jre1.8.0_251\bin\api-ms-win-crt-utility-l1-1-0.dll
0x00007fff13950000 - 0x00007fff13a4c000 	C:\Program Files\Java\jre1.8.0_251\bin\ucrtbase.dll
0x00007fff34ff0000 - 0x00007fff35005000 	C:\Program Files\Java\jre1.8.0_251\bin\vcruntime140.dll
0x00007fff18fd0000 - 0x00007fff1906b000 	C:\Program Files\Java\jre1.8.0_251\bin\msvcp140.dll
0x00007fff26c70000 - 0x00007fff26cc1000 	C:\Program Files\Java\jre1.8.0_251\bin\concrt140.dll
0x00007fff299d0000 - 0x00007fff299f3000 	C:\Program Files\Java\jre1.8.0_251\bin\prism_d3d.dll
0x00007fff0f5b0000 - 0x00007fff0f74e000 	C:\Windows\system32\d3d9.dll
0x00007fff4d900000 - 0x00007fff4d92e000 	C:\Windows\SYSTEM32\dwmapi.dll
0x00007fff50060000 - 0x00007fff5023c000 	C:\Windows\System32\CRYPT32.dll
0x00007fff4f120000 - 0x00007fff4f132000 	C:\Windows\System32\MSASN1.dll
0x00007fff4d610000 - 0x00007fff4d6ac000 	C:\Windows\system32\uxtheme.dll
0x00007ffedcb20000 - 0x00007ffee009d000 	C:\Windows\System32\DriverStore\FileRepository\iigd_dc_base.inf_amd64_a4d8117e3c9788ba\igd9dxva64.dll
0x00007fff52cd0000 - 0x00007fff52e25000 	C:\Windows\System32\ole32.dll
0x00007fff52420000 - 0x00007fff524e4000 	C:\Windows\System32\OLEAUT32.dll
0x00007fff296e0000 - 0x00007fff29725000 	C:\Program Files\Java\jre1.8.0_251\bin\glass.dll
0x00007fff504c0000 - 0x00007fff505e7000 	C:\Windows\System32\COMDLG32.dll
0x00007fff506a0000 - 0x00007fff5080d000 	C:\Windows\System32\MSCTF.dll
0x00007fff31420000 - 0x00007fff31434000 	C:\Program Files\Java\jre1.8.0_251\bin\javafx_font.dll
0x00007fff273d0000 - 0x00007fff276cc000 	C:\Windows\SYSTEM32\dwrite.dll
0x00007fff525a0000 - 0x00007fff52642000 	C:\Windows\System32\clbcatq.dll
0x00007fff2c710000 - 0x00007fff2c8c8000 	C:\Windows\SYSTEM32\WindowsCodecs.dll
0x00007fff42ea0000 - 0x00007fff42ef6000 	C:\Windows\system32\dataexchange.dll
0x00007fff4cbf0000 - 0x00007fff4cdb3000 	C:\Windows\system32\dcomp.dll
0x00007fff4c370000 - 0x00007fff4c5ee000 	C:\Windows\system32\d3d11.dll
0x00007fff4de50000 - 0x00007fff4df12000 	C:\Windows\system32\dxgi.dll
0x00007fff4d6e0000 - 0x00007fff4d8f4000 	C:\Windows\system32\twinapi.appcore.dll
0x00007fff4d930000 - 0x00007fff4d958000 	C:\Windows\system32\RMCLIENT.dll
0x00007fff21460000 - 0x00007fff21493000 	C:\Program Files\Common Files\Microsoft Shared\Ink\rtscom.dll
0x00007fff2fa60000 - 0x00007fff2faf5000 	C:\Windows\System32\TextInputFramework.dll
0x00007fff4d170000 - 0x00007fff4d252000 	C:\Windows\System32\CoreMessaging.dll
0x00007fff2c0f0000 - 0x00007fff2c412000 	C:\Windows\System32\CoreUIComponents.dll
0x00007fff4e0d0000 - 0x00007fff4e101000 	C:\Windows\SYSTEM32\ntmarta.dll
0x00007fff4b940000 - 0x00007fff4ba93000 	C:\Windows\SYSTEM32\wintypes.dll
0x00007fff299b0000 - 0x00007fff299c1000 	C:\Program Files\Java\jre1.8.0_251\bin\prism_common.dll
0x00007fff4a7b0000 - 0x00007fff4a959000 	C:\Windows\SYSTEM32\PROPSYS.dll
0x00007fff13c80000 - 0x00007fff13e35000 	C:\Windows\SYSTEM32\DUI70.dll
0x00007fff41a60000 - 0x00007fff41af4000 	C:\Windows\SYSTEM32\DUser.dll
0x00007fff134f0000 - 0x00007fff13594000 	C:\Program Files\Common Files\microsoft shared\ink\tiptsf.dll
0x00007fff25930000 - 0x00007fff25975000 	C:\Windows\SYSTEM32\edputil.dll
0x00007fff22ea0000 - 0x00007fff23329000 	C:\Windows\system32\explorerframe.dll
0x00007fff40e10000 - 0x00007fff40e71000 	C:\Windows\System32\thumbcache.dll
0x00007fff4a270000 - 0x00007fff4a2f8000 	C:\Windows\SYSTEM32\policymanager.dll
0x00007fff4a150000 - 0x00007fff4a1da000 	C:\Windows\SYSTEM32\msvcp110_win.dll
0x00007fff1be60000 - 0x00007fff1c194000 	C:\Windows\SYSTEM32\MsftEdit.dll
0x00007fff26750000 - 0x00007fff268cb000 	C:\Windows\System32\Windows.Globalization.dll
0x00007fff323e0000 - 0x00007fff3243c000 	C:\Windows\System32\Bcp47Langs.dll
0x00007fff3b210000 - 0x00007fff3b23a000 	C:\Windows\System32\bcp47mrm.dll
0x00007fff313f0000 - 0x00007fff31419000 	C:\Windows\SYSTEM32\globinputhost.dll
0x00007fff44fe0000 - 0x00007fff4501a000 	C:\Windows\system32\xmllite.dll
0x00007fff3efc0000 - 0x00007fff3f02c000 	C:\Windows\system32\OLEACC.dll
0x00007fff1d360000 - 0x00007fff1d5bb000 	C:\Windows\System32\uiautomationcore.dll

VM Arguments:
jvm_args: -Dfile.encoding=Cp1252 
java_command: GUI.Main
java_class_path (initial): C:\Users\Nicolas Biojo Bermeo\Documents\Github\iteration-2-integration1\SimulationFramework\bin\main;C:\Users\Nicolas Biojo Bermeo\.gradle\caches\modules-2\files-2.1\org.apache.commons\commons-math3\3.6.1\e4ba98f1d4b3c80ec46392f25e094a6a2e58fcbf\commons-math3-3.6.1.jar;C:\Users\Nicolas Biojo Bermeo\.gradle\caches\modules-2\files-2.1\com.google.gradle\osdetector-gradle-plugin\1.6.2\9269ee60f07f9ee6726c99aad23776f36f50499f\osdetector-gradle-plugin-1.6.2.jar;C:\Users\Nicolas Biojo Bermeo\.gradle\caches\modules-2\files-2.1\org.bitbucket.shemnon.javafxplugin\gradle-javafx-plugin\8.1.1\f10b37a13968c07068b6d0e11e75783e4b6fa94a\gradle-javafx-plugin-8.1.1.jar;C:\Users\Nicolas Biojo Bermeo\.gradle\caches\modules-2\files-2.1\org.json\json\20090211\c183aa3a2a6250293808bba12262c8920ce5a51c\json-20090211.jar;C:\Users\Nicolas Biojo Bermeo\.gradle\caches\modules-2\files-2.1\org.projectlombok\lombok\1.18.12\48e4e5d60309ebd833bc528dcf77668eab3cd72c\lombok-1.18.12.jar;C:\Users\Nicolas Biojo Bermeo\.gradle\caches\modules-2\files-2.1\com.google.guava\guava\28.0-jre\54fed371b4b8a8cce1e94a9abd9620982d3aa54b\guava-28.0-jre.jar;C:\Users\Nicolas Biojo Bermeo\.gradle\caches\modules-2\files-2.1\kr.motd.maven\os-maven-plugin\1.6.2\2440d17aa8b4461fa9eab6dfd0de9d492628d9e2\os-maven-plugin-1.6.2.jar;C:\Users\Nicolas Biojo Bermeo\.gradle\caches\modules-2\files-2.1\org.jclarion\image4j\0.7\9721d65eba16bc5b1c32df0a57c17ce2d797fc82\image4j-0.7.jar;C:\Users\Nicolas Biojo Bermeo\.gradle\caches\modules-2\files-2.1\com.google.guava\failureaccess\1.0.1\1dcf1de382a0bf95a3d8b0849546c88bac1292c9\failureaccess-1.0.1.jar;C:\Users\Nicolas Biojo Bermeo\.gradle\caches\modules-2\files-2.1\com.google.guava\listenablefuture\9999.0-empty-to-avoid-conflict-with-guava\b421526c5f297295adef1c886e5246c39d4ac629\listenablefuture-9999.0-empty-to-avoid-conflict-with-guava.jar;C:\Users\Nicolas Biojo Bermeo\.gradle\caches\modules-2\files-2.1\com.google.code.findbugs\jsr305\3.0.2\25ea2e8b0c338a877313
Launcher Type: SUN_STANDARD

Environment Variables:
PATH=C:\Program Files (x86)\Common Files\Oracle\Java\javapath;C:\Windows\system32;C:\Windows;C:\Windows\System32\Wbem;C:\Windows\System32\WindowsPowerShell\v1.0\;C:\Windows\System32\OpenSSH\;C:\Program Files\Intel\WiFi\bin\;C:\Program Files\Common Files\Intel\WirelessCommon\;C:\Program Files\dotnet\;C:\Program Files\Microsoft SQL Server\130\Tools\Binn\;C:\ProgramData\chocolatey\bin;C:\Program Files (x86)\ZeroTier\One\;C:\Program Files\nodejs\;C:\Users\Nicolas Biojo Bermeo\AppData\Local\Microsoft\WindowsApps;C:\Users\Nicolas Biojo Bermeo\AppData\Local\Programs\Microsoft VS Code\bin;C:\dev;C:\Users\Nicolas Biojo Bermeo\AppData\Roaming\npm
USERNAME=Nicolas Biojo Bermeo
OS=Windows_NT
PROCESSOR_IDENTIFIER=Intel64 Family 6 Model 142 Stepping 11, GenuineIntel



---------------  S Y S T E M  ---------------

OS: Windows 10.0 , 64 bit Build 17763 (10.0.17763.1158)

CPU:total 8 (initial active 8) (4 cores per cpu, 2 threads per core) family 6 model 142 stepping 11, cmov, cx8, fxsr, mmx, sse, sse2, sse3, ssse3, sse4.1, sse4.2, popcnt, avx, avx2, aes, clmul, erms, 3dnowpref, lzcnt, ht, tsc, tscinvbit, bmi1, bmi2, adx

Memory: 4k page, physical 4042404k(447696k free), swap 13193604k(3329244k free)

vm_info: Java HotSpot(TM) 64-Bit Server VM (25.251-b08) for windows-amd64 JRE (1.8.0_251-b08), built on Mar 12 2020 06:31:49 by "" with MS VC++ 10.0 (VS2010)

time: Wed Jul 01 20:48:07 2020
timezone: Hora est. Pacífico, Sudamérica
elapsed time: 24 seconds (0d 0h 0m 24s)

